
*** Running vivado
    with args -log top_level.vds -m64 -product Vivado -mode batch -messageDb vivado.pb -notrace -source top_level.tcl



****** Vivado v2024.1 (64-bit)
  **** SW Build 5076996 on Wed May 22 18:37:14 MDT 2024
  **** IP Build 5075265 on Wed May 22 21:45:21 MDT 2024
  **** SharedData Build 5076995 on Wed May 22 18:29:18 MDT 2024
  **** Start of session at: Wed Apr 30 12:22:53 2025
    ** Copyright 1986-2022 Xilinx, Inc. All Rights Reserved.
    ** Copyright 2022-2024 Advanced Micro Devices, Inc. All Rights Reserved.

source top_level.tcl -notrace
create_project: Time (s): cpu = 00:00:03 ; elapsed = 00:00:08 . Memory (MB): peak = 513.516 ; gain = 196.742
Command: read_checkpoint -auto_incremental -incremental C:/Users/rasto/Hokey_board/Hokey_board.srcs/utils_1/imports/synth_1/top_level.dcp
INFO: [Vivado 12-5825] Read reference checkpoint from C:/Users/rasto/Hokey_board/Hokey_board.srcs/utils_1/imports/synth_1/top_level.dcp for incremental synthesis
INFO: [Vivado 12-7989] Please ensure there are no constraint changes
Command: synth_design -top top_level -part xc7a50ticsg324-1L
Starting synth_design
Attempting to get a license for feature 'Synthesis' and/or device 'xc7a50ti'
INFO: [Common 17-349] Got license for feature 'Synthesis' and/or device 'xc7a50ti'
INFO: [Device 21-403] Loading part xc7a50ticsg324-1L
INFO: [Device 21-9227] Part: xc7a50ticsg324-1L does not have CEAM library.
INFO: [Designutils 20-5440] No compile time benefit to using incremental synthesis; A full resynthesis will be run
INFO: [Designutils 20-4379] Flow is switching to default flow due to incremental criteria not met. If you would like to alter this behaviour and have the flow terminate instead, please set the following parameter config_implementation {autoIncr.Synth.RejectBehavior Terminate}
INFO: [Synth 8-7079] Multithreading enabled for synth_design using a maximum of 2 processes.
INFO: [Synth 8-7078] Launching helper process for spawning children vivado processes
INFO: [Synth 8-7075] Helper process launched with PID 28764
---------------------------------------------------------------------------------
Starting RTL Elaboration : Time (s): cpu = 00:00:04 ; elapsed = 00:00:06 . Memory (MB): peak = 1370.125 ; gain = 447.098
---------------------------------------------------------------------------------
INFO: [Synth 8-638] synthesizing module 'top_level' [C:/Users/rasto/Downloads/new/new/top_level.vhd:47]
INFO: [Synth 8-3491] module 'debounce' declared at 'C:/Users/rasto/Downloads/new/new/debounce.vhd:5' bound to instance 'u_debounce_BTNU' of component 'debounce' [C:/Users/rasto/Downloads/new/new/top_level.vhd:189]
INFO: [Synth 8-638] synthesizing module 'debounce' [C:/Users/rasto/Downloads/new/new/debounce.vhd:13]
INFO: [Synth 8-256] done synthesizing module 'debounce' (0#1) [C:/Users/rasto/Downloads/new/new/debounce.vhd:13]
INFO: [Synth 8-3491] module 'debounce' declared at 'C:/Users/rasto/Downloads/new/new/debounce.vhd:5' bound to instance 'u_debounce_BTND' of component 'debounce' [C:/Users/rasto/Downloads/new/new/top_level.vhd:196]
INFO: [Synth 8-3491] module 'debounce' declared at 'C:/Users/rasto/Downloads/new/new/debounce.vhd:5' bound to instance 'u_debounce_BTNL' of component 'debounce' [C:/Users/rasto/Downloads/new/new/top_level.vhd:203]
INFO: [Synth 8-3491] module 'debounce' declared at 'C:/Users/rasto/Downloads/new/new/debounce.vhd:5' bound to instance 'u_debounce_BTNR' of component 'debounce' [C:/Users/rasto/Downloads/new/new/top_level.vhd:210]
INFO: [Synth 8-3491] module 'debounce' declared at 'C:/Users/rasto/Downloads/new/new/debounce.vhd:5' bound to instance 'u_debounce_BTNC' of component 'debounce' [C:/Users/rasto/Downloads/new/new/top_level.vhd:217]
INFO: [Synth 8-3491] module 'timer' declared at 'C:/Users/rasto/Downloads/new/new/timer.vhd:5' bound to instance 'u_clock' of component 'timer' [C:/Users/rasto/Downloads/new/new/top_level.vhd:226]
INFO: [Synth 8-638] synthesizing module 'timer' [C:/Users/rasto/Downloads/new/new/timer.vhd:23]
INFO: [Synth 8-256] done synthesizing module 'timer' (0#1) [C:/Users/rasto/Downloads/new/new/timer.vhd:23]
INFO: [Synth 8-3491] module 'dyn_seg' declared at 'C:/Users/rasto/Downloads/new/new/dyn_seg.vhd:4' bound to instance 'u_dyn_seg' of component 'dyn_seg' [C:/Users/rasto/Downloads/new/new/top_level.vhd:244]
INFO: [Synth 8-638] synthesizing module 'dyn_seg' [C:/Users/rasto/Downloads/new/new/dyn_seg.vhd:26]
INFO: [Synth 8-226] default block is never used [C:/Users/rasto/Downloads/new/new/dyn_seg.vhd:33]
INFO: [Synth 8-256] done synthesizing module 'dyn_seg' (0#1) [C:/Users/rasto/Downloads/new/new/dyn_seg.vhd:26]
INFO: [Synth 8-3491] module 'bin2seg' declared at 'C:/Users/rasto/Downloads/new/new/bin2seg.vhd:8' bound to instance 'u_bin2seg' of component 'bin2seg' [C:/Users/rasto/Downloads/new/new/top_level.vhd:268]
INFO: [Synth 8-638] synthesizing module 'bin2seg' [C:/Users/rasto/Downloads/new/new/bin2seg.vhd:32]
INFO: [Synth 8-256] done synthesizing module 'bin2seg' (0#1) [C:/Users/rasto/Downloads/new/new/bin2seg.vhd:32]
	Parameter n_periods bound to: 200000 - type: integer 
INFO: [Synth 8-3491] module 'clock_en' declared at 'C:/Users/rasto/Downloads/new/new/clock_en.vhd:6' bound to instance 'u_clock_en_dynseg' of component 'clock_en' [C:/Users/rasto/Downloads/new/new/top_level.vhd:290]
INFO: [Synth 8-638] synthesizing module 'clock_en' [C:/Users/rasto/Downloads/new/new/clock_en.vhd:19]
	Parameter n_periods bound to: 200000 - type: integer 
INFO: [Synth 8-256] done synthesizing module 'clock_en' (0#1) [C:/Users/rasto/Downloads/new/new/clock_en.vhd:19]
INFO: [Synth 8-3491] module 'goal_counter' declared at 'C:/Users/rasto/Downloads/new/new/goal_counter.vhd:5' bound to instance 'u_goal_counter' of component 'goal_counter' [C:/Users/rasto/Downloads/new/new/top_level.vhd:299]
INFO: [Synth 8-638] synthesizing module 'goal_counter' [C:/Users/rasto/Downloads/new/new/goal_counter.vhd:17]
INFO: [Synth 8-256] done synthesizing module 'goal_counter' (0#1) [C:/Users/rasto/Downloads/new/new/goal_counter.vhd:17]
INFO: [Synth 8-3491] module 'power_play' declared at 'C:/Users/rasto/Downloads/new/new/power_play.vhd:5' bound to instance 'u_power_play' of component 'power_play' [C:/Users/rasto/Downloads/new/new/top_level.vhd:312]
INFO: [Synth 8-638] synthesizing module 'power_play' [C:/Users/rasto/Downloads/new/new/power_play.vhd:29]
INFO: [Synth 8-256] done synthesizing module 'power_play' (0#1) [C:/Users/rasto/Downloads/new/new/power_play.vhd:29]
INFO: [Synth 8-256] done synthesizing module 'top_level' (0#1) [C:/Users/rasto/Downloads/new/new/top_level.vhd:47]
---------------------------------------------------------------------------------
Finished RTL Elaboration : Time (s): cpu = 00:00:06 ; elapsed = 00:00:09 . Memory (MB): peak = 1494.891 ; gain = 571.863
---------------------------------------------------------------------------------
---------------------------------------------------------------------------------
Start Handling Custom Attributes
---------------------------------------------------------------------------------
---------------------------------------------------------------------------------
Finished Handling Custom Attributes : Time (s): cpu = 00:00:06 ; elapsed = 00:00:09 . Memory (MB): peak = 1494.891 ; gain = 571.863
---------------------------------------------------------------------------------
---------------------------------------------------------------------------------
Finished RTL Optimization Phase 1 : Time (s): cpu = 00:00:06 ; elapsed = 00:00:09 . Memory (MB): peak = 1494.891 ; gain = 571.863
---------------------------------------------------------------------------------
Netlist sorting complete. Time (s): cpu = 00:00:00 ; elapsed = 00:00:00.023 . Memory (MB): peak = 1494.891 ; gain = 0.000
INFO: [Project 1-570] Preparing netlist for logic optimization

Processing XDC Constraints
Initializing timing engine
Parsing XDC File [C:/Users/rasto/Downloads/new/new/coin.xdc]
WARNING: [Vivado 12-584] No ports matched 'SW2'. [C:/Users/rasto/Downloads/new/new/coin.xdc:14]
CRITICAL WARNING: [Common 17-55] 'set_property' expects at least one object. [C:/Users/rasto/Downloads/new/new/coin.xdc:14]
Resolution: If [get_<value>] was used to populate the object, check to make sure this command returns at least one valid object.
WARNING: [Vivado 12-584] No ports matched 'SW3'. [C:/Users/rasto/Downloads/new/new/coin.xdc:15]
CRITICAL WARNING: [Common 17-55] 'set_property' expects at least one object. [C:/Users/rasto/Downloads/new/new/coin.xdc:15]
Resolution: If [get_<value>] was used to populate the object, check to make sure this command returns at least one valid object.
Finished Parsing XDC File [C:/Users/rasto/Downloads/new/new/coin.xdc]
INFO: [Project 1-236] Implementation specific constraints were found while reading constraint file [C:/Users/rasto/Downloads/new/new/coin.xdc]. These constraints will be ignored for synthesis but will be used in implementation. Impacted constraints are listed in the file [.Xil/top_level_propImpl.xdc].
Resolution: To avoid this warning, move constraints listed in [.Xil/top_level_propImpl.xdc] to another XDC file and exclude this new file from synthesis with the used_in_synthesis property (File Properties dialog in GUI) and re-run elaboration/synthesis.
Completed Processing XDC Constraints

Netlist sorting complete. Time (s): cpu = 00:00:00 ; elapsed = 00:00:00 . Memory (MB): peak = 1598.598 ; gain = 0.000
INFO: [Project 1-111] Unisim Transformation Summary:
No Unisim elements were transformed.

Constraint Validation Runtime : Time (s): cpu = 00:00:00 ; elapsed = 00:00:00.008 . Memory (MB): peak = 1598.598 ; gain = 0.000
INFO: [Designutils 20-5440] No compile time benefit to using incremental synthesis; A full resynthesis will be run
INFO: [Designutils 20-4379] Flow is switching to default flow due to incremental criteria not met. If you would like to alter this behaviour and have the flow terminate instead, please set the following parameter config_implementation {autoIncr.Synth.RejectBehavior Terminate}
---------------------------------------------------------------------------------
Finished Constraint Validation : Time (s): cpu = 00:00:11 ; elapsed = 00:00:17 . Memory (MB): peak = 1598.598 ; gain = 675.570
---------------------------------------------------------------------------------
---------------------------------------------------------------------------------
Start Loading Part and Timing Information
---------------------------------------------------------------------------------
Loading part: xc7a50ticsg324-1L
---------------------------------------------------------------------------------
Finished Loading Part and Timing Information : Time (s): cpu = 00:00:11 ; elapsed = 00:00:17 . Memory (MB): peak = 1598.598 ; gain = 675.570
---------------------------------------------------------------------------------
---------------------------------------------------------------------------------
Start Applying 'set_property' XDC Constraints
---------------------------------------------------------------------------------
---------------------------------------------------------------------------------
Finished applying 'set_property' XDC Constraints : Time (s): cpu = 00:00:11 ; elapsed = 00:00:17 . Memory (MB): peak = 1598.598 ; gain = 675.570
---------------------------------------------------------------------------------
INFO: [Synth 8-802] inferred FSM for state register 'sig_pc_reg' in module 'timer'
INFO: [Synth 8-802] inferred FSM for state register 'sig_tc_reg' in module 'dyn_seg'
---------------------------------------------------------------------------------------------------
                   State |                     New Encoding |                Previous Encoding 
---------------------------------------------------------------------------------------------------
                  iSTATE |                            00001 |                              000
                 iSTATE0 |                            00010 |                              001
                 iSTATE1 |                            00100 |                              010
                 iSTATE2 |                            01000 |                              011
                 iSTATE3 |                            10000 |                              100
---------------------------------------------------------------------------------------------------
INFO: [Synth 8-3354] encoded FSM with state register 'sig_pc_reg' using encoding 'one-hot' in module 'timer'
---------------------------------------------------------------------------------------------------
                   State |                     New Encoding |                Previous Encoding 
---------------------------------------------------------------------------------------------------
                  iSTATE |                              000 |                              000
                 iSTATE0 |                              001 |                              001
                 iSTATE1 |                              010 |                              010
                 iSTATE2 |                              011 |                              011
                 iSTATE3 |                              100 |                              100
                 iSTATE4 |                              101 |                              101
                 iSTATE5 |                              110 |                              110
                 iSTATE6 |                              111 |                              111
---------------------------------------------------------------------------------------------------
INFO: [Synth 8-3354] encoded FSM with state register 'sig_tc_reg' using encoding 'sequential' in module 'dyn_seg'
---------------------------------------------------------------------------------
Finished RTL Optimization Phase 2 : Time (s): cpu = 00:00:11 ; elapsed = 00:00:18 . Memory (MB): peak = 1598.598 ; gain = 675.570
---------------------------------------------------------------------------------
---------------------------------------------------------------------------------
Start RTL Component Statistics 
---------------------------------------------------------------------------------
Detailed RTL Component Info : 
+---Adders : 
	   2 Input   36 Bit       Adders := 16    
	   2 Input   32 Bit       Adders := 1     
	   2 Input    4 Bit       Adders := 16    
	   2 Input    3 Bit       Adders := 8     
+---Registers : 
	               36 Bit    Registers := 8     
	               32 Bit    Registers := 1     
	                8 Bit    Registers := 1     
	                4 Bit    Registers := 8     
	                3 Bit    Registers := 4     
	                1 Bit    Registers := 45    
+---Muxes : 
	   2 Input   36 Bit        Muxes := 32    
	   8 Input    8 Bit        Muxes := 1     
	   5 Input    4 Bit        Muxes := 3     
	   2 Input    4 Bit        Muxes := 25    
	   3 Input    4 Bit        Muxes := 1     
	   3 Input    3 Bit        Muxes := 1     
	   8 Input    3 Bit        Muxes := 1     
	   6 Input    3 Bit        Muxes := 2     
	   2 Input    3 Bit        Muxes := 6     
	   5 Input    1 Bit        Muxes := 3     
	   2 Input    1 Bit        Muxes := 161   
	   8 Input    1 Bit        Muxes := 8     
---------------------------------------------------------------------------------
Finished RTL Component Statistics 
---------------------------------------------------------------------------------
---------------------------------------------------------------------------------
Start Part Resource Summary
---------------------------------------------------------------------------------
Part Resources:
DSPs: 120 (col length:60)
BRAMs: 150 (col length: RAMB18 60 RAMB36 30)
---------------------------------------------------------------------------------
Finished Part Resource Summary
---------------------------------------------------------------------------------
---------------------------------------------------------------------------------
Start Cross Boundary and Area Optimization
---------------------------------------------------------------------------------
WARNING: [Synth 8-7080] Parallel synthesis criteria is not met
---------------------------------------------------------------------------------
Finished Cross Boundary and Area Optimization : Time (s): cpu = 00:00:15 ; elapsed = 00:00:27 . Memory (MB): peak = 1598.598 ; gain = 675.570
---------------------------------------------------------------------------------
---------------------------------------------------------------------------------
Start Applying XDC Timing Constraints
---------------------------------------------------------------------------------
---------------------------------------------------------------------------------
Finished Applying XDC Timing Constraints : Time (s): cpu = 00:00:18 ; elapsed = 00:00:33 . Memory (MB): peak = 1598.598 ; gain = 675.570
---------------------------------------------------------------------------------
---------------------------------------------------------------------------------
Start Timing Optimization
---------------------------------------------------------------------------------
---------------------------------------------------------------------------------
Finished Timing Optimization : Time (s): cpu = 00:00:21 ; elapsed = 00:00:38 . Memory (MB): peak = 1598.598 ; gain = 675.570
---------------------------------------------------------------------------------
---------------------------------------------------------------------------------
Start Technology Mapping
---------------------------------------------------------------------------------
---------------------------------------------------------------------------------
Finished Technology Mapping : Time (s): cpu = 00:00:22 ; elapsed = 00:00:39 . Memory (MB): peak = 1598.598 ; gain = 675.570
---------------------------------------------------------------------------------
---------------------------------------------------------------------------------
Start IO Insertion
---------------------------------------------------------------------------------
---------------------------------------------------------------------------------
Start Flattening Before IO Insertion
---------------------------------------------------------------------------------
---------------------------------------------------------------------------------
Finished Flattening Before IO Insertion
---------------------------------------------------------------------------------
---------------------------------------------------------------------------------
Start Final Netlist Cleanup
---------------------------------------------------------------------------------
---------------------------------------------------------------------------------
Finished Final Netlist Cleanup
---------------------------------------------------------------------------------
---------------------------------------------------------------------------------
Finished IO Insertion : Time (s): cpu = 00:00:24 ; elapsed = 00:00:44 . Memory (MB): peak = 1598.598 ; gain = 675.570
---------------------------------------------------------------------------------
---------------------------------------------------------------------------------
Start Renaming Generated Instances
---------------------------------------------------------------------------------
---------------------------------------------------------------------------------
Finished Renaming Generated Instances : Time (s): cpu = 00:00:24 ; elapsed = 00:00:44 . Memory (MB): peak = 1598.598 ; gain = 675.570
---------------------------------------------------------------------------------
---------------------------------------------------------------------------------
Start Rebuilding User Hierarchy
---------------------------------------------------------------------------------
---------------------------------------------------------------------------------
Finished Rebuilding User Hierarchy : Time (s): cpu = 00:00:24 ; elapsed = 00:00:44 . Memory (MB): peak = 1598.598 ; gain = 675.570
---------------------------------------------------------------------------------
---------------------------------------------------------------------------------
Start Renaming Generated Ports
---------------------------------------------------------------------------------
---------------------------------------------------------------------------------
Finished Renaming Generated Ports : Time (s): cpu = 00:00:24 ; elapsed = 00:00:44 . Memory (MB): peak = 1598.598 ; gain = 675.570
---------------------------------------------------------------------------------
---------------------------------------------------------------------------------
Start Handling Custom Attributes
---------------------------------------------------------------------------------
---------------------------------------------------------------------------------
Finished Handling Custom Attributes : Time (s): cpu = 00:00:24 ; elapsed = 00:00:45 . Memory (MB): peak = 1598.598 ; gain = 675.570
---------------------------------------------------------------------------------
---------------------------------------------------------------------------------
Start Renaming Generated Nets
---------------------------------------------------------------------------------
---------------------------------------------------------------------------------
Finished Renaming Generated Nets : Time (s): cpu = 00:00:24 ; elapsed = 00:00:45 . Memory (MB): peak = 1598.598 ; gain = 675.570
---------------------------------------------------------------------------------
---------------------------------------------------------------------------------
Start Writing Synthesis Report
---------------------------------------------------------------------------------

Report BlackBoxes: 
+-+--------------+----------+
| |BlackBox name |Instances |
+-+--------------+----------+
+-+--------------+----------+

Report Cell Usage: 
+------+-------+------+
|      |Cell   |Count |
+------+-------+------+
|1     |BUFG   |     1|
|2     |CARRY4 |   305|
|3     |LUT1   |    32|
|4     |LUT2   |   159|
|5     |LUT3   |    25|
|6     |LUT4   |    83|
|7     |LUT5   |   331|
|8     |LUT6   |   435|
|9     |FDRE   |   968|
|10    |FDSE   |    11|
|11    |IBUF   |    14|
|12    |OBUF   |    32|
+------+-------+------+
---------------------------------------------------------------------------------
Finished Writing Synthesis Report : Time (s): cpu = 00:00:24 ; elapsed = 00:00:45 . Memory (MB): peak = 1598.598 ; gain = 675.570
---------------------------------------------------------------------------------
Synthesis finished with 0 errors, 0 critical warnings and 1 warnings.
Synthesis Optimization Runtime : Time (s): cpu = 00:00:17 ; elapsed = 00:00:43 . Memory (MB): peak = 1598.598 ; gain = 571.863
Synthesis Optimization Complete : Time (s): cpu = 00:00:24 ; elapsed = 00:00:45 . Memory (MB): peak = 1598.598 ; gain = 675.570
INFO: [Project 1-571] Translating synthesized netlist
Netlist sorting complete. Time (s): cpu = 00:00:00 ; elapsed = 00:00:00.028 . Memory (MB): peak = 1598.598 ; gain = 0.000
INFO: [Netlist 29-17] Analyzing 305 Unisim elements for replacement
INFO: [Netlist 29-28] Unisim Transformation completed in 1 CPU seconds
INFO: [Project 1-570] Preparing netlist for logic optimization
INFO: [Opt 31-138] Pushed 0 inverter(s) to 0 load pin(s).
Netlist sorting complete. Time (s): cpu = 00:00:00 ; elapsed = 00:00:00 . Memory (MB): peak = 1598.598 ; gain = 0.000
INFO: [Project 1-111] Unisim Transformation Summary:
No Unisim elements were transformed.

Synth Design complete | Checksum: c3470da4
INFO: [Common 17-83] Releasing license: Synthesis
54 Infos, 3 Warnings, 2 Critical Warnings and 0 Errors encountered.
synth_design completed successfully
synth_design: Time (s): cpu = 00:00:27 ; elapsed = 00:00:51 . Memory (MB): peak = 1598.598 ; gain = 1077.469
INFO: [runtcl-6] Synthesis results are not added to the cache due to CRITICAL_WARNING
Write ShapeDB Complete: Time (s): cpu = 00:00:00 ; elapsed = 00:00:00.006 . Memory (MB): peak = 1598.598 ; gain = 0.000
INFO: [Common 17-1381] The checkpoint 'C:/Users/rasto/Hokey_board/Hokey_board.runs/synth_1/top_level.dcp' has been generated.
INFO: [Vivado 12-24828] Executing command : report_utilization -file top_level_utilization_synth.rpt -pb top_level_utilization_synth.pb
INFO: [Common 17-206] Exiting Vivado at Wed Apr 30 12:23:55 2025...
